[0m21:28:53.814130 [debug] [MainThread]: Sending event: {'category': 'dbt', 'action': 'invocation', 'label': 'start', 'context': [<snowplow_tracker.self_describing_json.SelfDescribingJson object at 0x00000210B08C1790>, <snowplow_tracker.self_describing_json.SelfDescribingJson object at 0x00000210AF66E7B0>, <snowplow_tracker.self_describing_json.SelfDescribingJson object at 0x00000210AE0AE840>]}


============================== 21:28:53.941567 | b4e6f7f4-ebd7-47c0-8afc-b3f9b792cafd ==============================
[0m21:28:53.941567 [info ] [MainThread]: Running with dbt=1.9.2
[0m21:28:53.941567 [debug] [MainThread]: running dbt with arguments {'printer_width': '80', 'indirect_selection': 'eager', 'log_cache_events': 'False', 'write_json': 'True', 'partial_parse': 'True', 'cache_selected_only': 'False', 'warn_error': 'None', 'version_check': 'True', 'fail_fast': 'False', 'log_path': 'logs', 'profiles_dir': 'C:\\Users\\GildoGao3\\.dbt', 'debug': 'False', 'use_colors': 'True', 'use_experimental_parser': 'False', 'empty': 'None', 'quiet': 'False', 'no_print': 'None', 'log_format': 'default', 'static_parser': 'True', 'introspect': 'True', 'warn_error_options': 'WarnErrorOptions(include=[], exclude=[])', 'target_path': 'None', 'invocation_command': 'dbt init', 'send_anonymous_usage_stats': 'True'}
[0m21:28:54.277394 [warn ] [MainThread]: [ConfigFolderDirectory]: Unable to parse logging event dictionary. Failed to parse dir field: expected string or bytes-like object, got 'WindowsPath'.. Dictionary: {'dir': WindowsPath('C:/Users/GildoGao3/.dbt')}
[0m21:28:54.277394 [info ] [MainThread]: Creating dbt configuration folder at 
[0m23:19:36.881067 [debug] [MainThread]: Starter project path: C:\Users\GildoGao3\workspace\gildogomes\dbt-northwind\.venv\Lib\site-packages\dbt\include\starter_project
[0m23:19:36.915755 [info ] [MainThread]: 
Your new dbt project "northwind" was created!

For more information on how to configure the profiles.yml file,
please consult the dbt documentation here:

  https://docs.getdbt.com/docs/configure-your-profile

One more thing:

Need help? Don't hesitate to reach out to us via GitHub issues or on Slack:

  https://community.getdbt.com/

Happy modeling!

[0m23:19:36.921177 [info ] [MainThread]: Setting up your profile.
[0m23:36:55.015754 [info ] [MainThread]: Profile northwind written to C:\Users\GildoGao3\.dbt\profiles.yml using target's profile_template.yml and your supplied values. Run 'dbt debug' to validate the connection.
[0m23:36:55.015754 [debug] [MainThread]: Command `dbt init` succeeded at 23:36:55.015754 after 7681.37 seconds
[0m23:36:55.015754 [debug] [MainThread]: Sending event: {'category': 'dbt', 'action': 'invocation', 'label': 'end', 'context': [<snowplow_tracker.self_describing_json.SelfDescribingJson object at 0x00000210AF66E7B0>, <snowplow_tracker.self_describing_json.SelfDescribingJson object at 0x00000210AF1AA480>, <snowplow_tracker.self_describing_json.SelfDescribingJson object at 0x00000210AF1A8B00>]}
[0m23:36:55.015754 [debug] [MainThread]: Flushing usage events
[0m23:36:55.912838 [debug] [MainThread]: An error was encountered while trying to flush usage events
[0m12:08:16.339037 [debug] [MainThread]: Sending event: {'category': 'dbt', 'action': 'invocation', 'label': 'start', 'context': [<snowplow_tracker.self_describing_json.SelfDescribingJson object at 0x00000152C3A2DD30>, <snowplow_tracker.self_describing_json.SelfDescribingJson object at 0x00000152C693F5F0>, <snowplow_tracker.self_describing_json.SelfDescribingJson object at 0x00000152C3E8E3F0>]}


============================== 12:08:16.339037 | 7a1aa4a0-68d6-4629-a3bc-a57ecf397bda ==============================
[0m12:08:16.339037 [info ] [MainThread]: Running with dbt=1.9.2
[0m12:08:16.339037 [debug] [MainThread]: running dbt with arguments {'printer_width': '80', 'indirect_selection': 'eager', 'log_cache_events': 'False', 'write_json': 'True', 'partial_parse': 'True', 'cache_selected_only': 'False', 'profiles_dir': 'C:\\Users\\GildoGao3\\.dbt', 'version_check': 'True', 'warn_error': 'None', 'log_path': 'logs', 'fail_fast': 'False', 'debug': 'False', 'use_colors': 'True', 'use_experimental_parser': 'False', 'empty': 'None', 'quiet': 'False', 'no_print': 'None', 'log_format': 'default', 'introspect': 'True', 'warn_error_options': 'WarnErrorOptions(include=[], exclude=[])', 'static_parser': 'True', 'target_path': 'None', 'invocation_command': 'dbt seed', 'send_anonymous_usage_stats': 'True'}
[0m12:08:16.339037 [error] [MainThread]: Encountered an error:
Runtime Error
  No dbt_project.yml found at expected path C:\Users\GildoGao3\workspace\gildogomes\dbt-northwind\dbt_project.yml
  Verify that each entry within packages.yml (and their transitive dependencies) contains a file named dbt_project.yml
  
[0m12:08:16.339037 [debug] [MainThread]: Command `dbt seed` failed at 12:08:16.339037 after 0.15 seconds
[0m12:08:16.339037 [debug] [MainThread]: Sending event: {'category': 'dbt', 'action': 'invocation', 'label': 'end', 'context': [<snowplow_tracker.self_describing_json.SelfDescribingJson object at 0x00000152C7056120>, <snowplow_tracker.self_describing_json.SelfDescribingJson object at 0x00000152C7054140>, <snowplow_tracker.self_describing_json.SelfDescribingJson object at 0x00000152C3A2DD30>]}
[0m12:08:16.339037 [debug] [MainThread]: Flushing usage events
[0m12:08:17.169002 [debug] [MainThread]: An error was encountered while trying to flush usage events
[0m12:11:04.318358 [debug] [MainThread]: Sending event: {'category': 'dbt', 'action': 'invocation', 'label': 'start', 'context': [<snowplow_tracker.self_describing_json.SelfDescribingJson object at 0x000002381EFD01A0>, <snowplow_tracker.self_describing_json.SelfDescribingJson object at 0x000002381E21A690>, <snowplow_tracker.self_describing_json.SelfDescribingJson object at 0x000002381E219280>]}


============================== 12:11:04.324142 | 56769f86-ccf0-4aa6-8b19-9c52bff34aaa ==============================
[0m12:11:04.324142 [info ] [MainThread]: Running with dbt=1.9.2
[0m12:11:04.324142 [debug] [MainThread]: running dbt with arguments {'printer_width': '80', 'indirect_selection': 'eager', 'log_cache_events': 'False', 'write_json': 'True', 'partial_parse': 'True', 'cache_selected_only': 'False', 'profiles_dir': 'C:\\Users\\GildoGao3\\.dbt', 'debug': 'False', 'version_check': 'True', 'log_path': 'logs', 'fail_fast': 'False', 'warn_error': 'None', 'use_colors': 'True', 'use_experimental_parser': 'False', 'empty': 'None', 'quiet': 'False', 'no_print': 'None', 'warn_error_options': 'WarnErrorOptions(include=[], exclude=[])', 'introspect': 'True', 'log_format': 'default', 'static_parser': 'True', 'target_path': 'None', 'invocation_command': 'dbt seed', 'send_anonymous_usage_stats': 'True'}
[0m12:11:04.324142 [error] [MainThread]: Encountered an error:
Runtime Error
  No dbt_project.yml found at expected path C:\Users\GildoGao3\workspace\gildogomes\dbt-northwind\dbt_project.yml
  Verify that each entry within packages.yml (and their transitive dependencies) contains a file named dbt_project.yml
  
[0m12:11:04.324142 [debug] [MainThread]: Command `dbt seed` failed at 12:11:04.324142 after 0.17 seconds
[0m12:11:04.324142 [debug] [MainThread]: Sending event: {'category': 'dbt', 'action': 'invocation', 'label': 'end', 'context': [<snowplow_tracker.self_describing_json.SelfDescribingJson object at 0x000002381BB94D40>, <snowplow_tracker.self_describing_json.SelfDescribingJson object at 0x000002381EFD01A0>, <snowplow_tracker.self_describing_json.SelfDescribingJson object at 0x000002381E219280>]}
[0m12:11:04.324142 [debug] [MainThread]: Flushing usage events
[0m12:11:05.038766 [debug] [MainThread]: An error was encountered while trying to flush usage events
[0m12:12:33.037816 [debug] [MainThread]: Sending event: {'category': 'dbt', 'action': 'invocation', 'label': 'start', 'context': [<snowplow_tracker.self_describing_json.SelfDescribingJson object at 0x0000022442B3EAB0>, <snowplow_tracker.self_describing_json.SelfDescribingJson object at 0x0000022442D372F0>, <snowplow_tracker.self_describing_json.SelfDescribingJson object at 0x0000022440744B00>]}


============================== 12:12:33.048137 | 8a20ebaa-03ec-49b6-95d1-7c23e0768ce4 ==============================
[0m12:12:33.048137 [info ] [MainThread]: Running with dbt=1.9.2
[0m12:12:33.048137 [debug] [MainThread]: running dbt with arguments {'printer_width': '80', 'indirect_selection': 'eager', 'write_json': 'True', 'log_cache_events': 'False', 'partial_parse': 'True', 'cache_selected_only': 'False', 'profiles_dir': 'C:\\Users\\GildoGao3\\.dbt', 'debug': 'False', 'warn_error': 'None', 'log_path': 'logs', 'fail_fast': 'False', 'version_check': 'True', 'use_colors': 'True', 'use_experimental_parser': 'False', 'empty': 'None', 'quiet': 'False', 'no_print': 'None', 'log_format': 'default', 'invocation_command': 'dbt debug', 'warn_error_options': 'WarnErrorOptions(include=[], exclude=[])', 'introspect': 'True', 'target_path': 'None', 'static_parser': 'True', 'send_anonymous_usage_stats': 'True'}
[0m12:12:33.109399 [info ] [MainThread]: dbt version: 1.9.2
[0m12:12:33.110344 [info ] [MainThread]: python version: 3.12.1
[0m12:12:33.111348 [info ] [MainThread]: python path: C:\Users\GildoGao3\workspace\gildogomes\dbt-northwind\.venv\Scripts\python.exe
[0m12:12:33.112534 [info ] [MainThread]: os info: Windows-11-10.0.26100-SP0
[0m12:12:33.238129 [info ] [MainThread]: Using profiles dir at C:\Users\GildoGao3\.dbt
[0m12:12:33.238129 [info ] [MainThread]: Using profiles.yml file at C:\Users\GildoGao3\.dbt\profiles.yml
[0m12:12:33.238129 [info ] [MainThread]: Using dbt_project.yml file at C:\Users\GildoGao3\workspace\gildogomes\dbt-northwind\dbt_project.yml
[0m12:12:33.243949 [info ] [MainThread]: adapter type: postgres
[0m12:12:33.243949 [info ] [MainThread]: adapter version: 1.9.0
[0m12:12:33.243949 [info ] [MainThread]: Configuration:
[0m12:12:33.247527 [info ] [MainThread]:   profiles.yml file [[32mOK found and valid[0m]
[0m12:12:33.248036 [info ] [MainThread]:   dbt_project.yml file [[31mERROR not found[0m]
[0m12:12:33.249187 [info ] [MainThread]: Required dependencies:
[0m12:12:33.250216 [debug] [MainThread]: Executing "git --help"
[0m12:12:33.279210 [debug] [MainThread]: STDOUT: "b"usage: git [-v | --version] [-h | --help] [-C <path>] [-c <name>=<value>]\n           [--exec-path[=<path>]] [--html-path] [--man-path] [--info-path]\n           [-p | --paginate | -P | --no-pager] [--no-replace-objects] [--no-lazy-fetch]\n           [--no-optional-locks] [--no-advice] [--bare] [--git-dir=<path>]\n           [--work-tree=<path>] [--namespace=<name>] [--config-env=<name>=<envvar>]\n           <command> [<args>]\n\nThese are common Git commands used in various situations:\n\nstart a working area (see also: git help tutorial)\n   clone      Clone a repository into a new directory\n   init       Create an empty Git repository or reinitialize an existing one\n\nwork on the current change (see also: git help everyday)\n   add        Add file contents to the index\n   mv         Move or rename a file, a directory, or a symlink\n   restore    Restore working tree files\n   rm         Remove files from the working tree and from the index\n\nexamine the history and state (see also: git help revisions)\n   bisect     Use binary search to find the commit that introduced a bug\n   diff       Show changes between commits, commit and working tree, etc\n   grep       Print lines matching a pattern\n   log        Show commit logs\n   show       Show various types of objects\n   status     Show the working tree status\n\ngrow, mark and tweak your common history\n   backfill   Download missing objects in a partial clone\n   branch     List, create, or delete branches\n   commit     Record changes to the repository\n   merge      Join two or more development histories together\n   rebase     Reapply commits on top of another base tip\n   reset      Reset current HEAD to the specified state\n   switch     Switch branches\n   tag        Create, list, delete or verify a tag object signed with GPG\n\ncollaborate (see also: git help workflows)\n   fetch      Download objects and refs from another repository\n   pull       Fetch from and integrate with another repository or a local branch\n   push       Update remote refs along with associated objects\n\n'git help -a' and 'git help -g' list available subcommands and some\nconcept guides. See 'git help <command>' or 'git help <concept>'\nto read about a specific subcommand or concept.\nSee 'git help git' for an overview of the system.\n""
[0m12:12:33.288112 [debug] [MainThread]: STDERR: "b''"
[0m12:12:33.288112 [info ] [MainThread]:  - git [[32mOK found[0m]

[0m12:12:33.288112 [info ] [MainThread]: Connection:
[0m12:12:33.288112 [info ] [MainThread]:   host: northwind.c9q0qycsqinj.us-east-1.rds.amazonaws.com
[0m12:12:33.288112 [info ] [MainThread]:   port: 5432
[0m12:12:33.288112 [info ] [MainThread]:   user: postgres
[0m12:12:33.288112 [info ] [MainThread]:   database: northwind
[0m12:12:33.288112 [info ] [MainThread]:   schema: public
[0m12:12:33.288112 [info ] [MainThread]:   connect_timeout: 10
[0m12:12:33.294497 [info ] [MainThread]:   role: None
[0m12:12:33.295526 [info ] [MainThread]:   search_path: None
[0m12:12:33.296524 [info ] [MainThread]:   keepalives_idle: 0
[0m12:12:33.296524 [info ] [MainThread]:   sslmode: None
[0m12:12:33.298033 [info ] [MainThread]:   sslcert: None
[0m12:12:33.299040 [info ] [MainThread]:   sslkey: None
[0m12:12:33.299040 [info ] [MainThread]:   sslrootcert: None
[0m12:12:33.299942 [info ] [MainThread]:   application_name: dbt
[0m12:12:33.301781 [info ] [MainThread]:   retries: 1
[0m12:12:33.302726 [info ] [MainThread]: Registered adapter: postgres=1.9.0
[0m12:12:33.628242 [debug] [MainThread]: Acquiring new postgres connection 'debug'
[0m12:12:36.447888 [debug] [MainThread]: Using postgres connection "debug"
[0m12:12:36.447888 [debug] [MainThread]: On debug: select 1 as id
[0m12:12:36.447888 [debug] [MainThread]: Opening a new connection, currently in state init
[0m12:12:37.848622 [debug] [MainThread]: SQL status: SELECT 1 in 1.402 seconds
[0m12:12:37.848622 [debug] [MainThread]: On debug: Close
[0m12:12:37.858607 [info ] [MainThread]:   Connection test: [[32mOK connection ok[0m]

[0m12:12:37.858607 [info ] [MainThread]: [31m1 check failed:[0m
[0m12:12:37.858607 [info ] [MainThread]: Project loading failed for the following reason:
 project path <C:\Users\GildoGao3\workspace\gildogomes\dbt-northwind\dbt_project.yml> not found

[0m12:12:37.858607 [debug] [MainThread]: Command `dbt debug` failed at 12:12:37.858607 after 4.95 seconds
[0m12:12:37.858607 [debug] [MainThread]: Connection 'debug' was properly closed.
[0m12:12:37.858607 [debug] [MainThread]: Sending event: {'category': 'dbt', 'action': 'invocation', 'label': 'end', 'context': [<snowplow_tracker.self_describing_json.SelfDescribingJson object at 0x0000022442A12FF0>, <snowplow_tracker.self_describing_json.SelfDescribingJson object at 0x0000022442C4BFE0>, <snowplow_tracker.self_describing_json.SelfDescribingJson object at 0x000002244359C410>]}
[0m12:12:37.858607 [debug] [MainThread]: Flushing usage events
[0m12:12:38.598445 [debug] [MainThread]: An error was encountered while trying to flush usage events
